<?xml version="1.0" encoding="UTF-8"?>
<robot generator="Robot 5.0.1 (Python 3.10.6 on win32)" generated="20221015 17:48:36.214" rpa="false" schemaversion="3">
<suite id="s1" name="Test" source="c:\Users\Dawid\Desktop\s\Python\Software_Testing\Project\test.robot">
<test id="s1-t1" name="TC_UI_9" line="175">
<kw name="Open Browser" library="SeleniumLibrary">
<arg>${URL}</arg>
<arg>${Browser}</arg>
<doc>Opens a new browser instance to the optional ``url``.</doc>
<msg timestamp="20221015 17:48:36.459" level="INFO">Opening browser 'Firefox' to base url 'https://www.verkkokauppa.com/'.</msg>
<msg timestamp="20221015 17:48:36.462" level="INFO">Firefox driver log is always forced to to: C:\Users\Dawid\Desktop\s\Python\Software_Testing\Project\geckodriver-13.log</msg>
<status status="PASS" starttime="20221015 17:48:36.458" endtime="20221015 17:48:43.195"/>
</kw>
<kw name="Sleep" library="BuiltIn">
<arg>2s</arg>
<doc>Pauses the test executed for the given time.</doc>
<msg timestamp="20221015 17:48:45.201" level="INFO">Slept 2 seconds</msg>
<status status="PASS" starttime="20221015 17:48:43.197" endtime="20221015 17:48:45.201"/>
</kw>
<kw name="Input Text" library="SeleniumLibrary">
<arg>css:#app &gt; div &gt; header &gt; div &gt; nav &gt; form &gt; div &gt; input</arg>
<arg>ps5</arg>
<doc>Types the given ``text`` into the text field identified by ``locator``.</doc>
<msg timestamp="20221015 17:48:45.202" level="INFO">Typing text 'ps5' into text field 'css:#app &gt; div &gt; header &gt; div &gt; nav &gt; form &gt; div &gt; input'.</msg>
<status status="PASS" starttime="20221015 17:48:45.202" endtime="20221015 17:48:45.263"/>
</kw>
<kw name="Sleep" library="BuiltIn">
<arg>1s</arg>
<doc>Pauses the test executed for the given time.</doc>
<msg timestamp="20221015 17:48:46.277" level="INFO">Slept 1 second</msg>
<status status="PASS" starttime="20221015 17:48:45.263" endtime="20221015 17:48:46.277"/>
</kw>
<kw name="Click Element" library="SeleniumLibrary">
<arg>css:#app &gt; div &gt; header &gt; div &gt; nav &gt; form &gt; div &gt; div &gt; button.Button-sc-mt7im1-0.IconButton-sc-12838oi-0.sc-93rccr-2.QXKkW.glDAmc.dBrvnp</arg>
<doc>Click the element identified by ``locator``.</doc>
<msg timestamp="20221015 17:48:46.278" level="INFO">Clicking element 'css:#app &gt; div &gt; header &gt; div &gt; nav &gt; form &gt; div &gt; div &gt; button.Button-sc-mt7im1-0.IconButton-sc-12838oi-0.sc-93rccr-2.QXKkW.glDAmc.dBrvnp'.</msg>
<status status="PASS" starttime="20221015 17:48:46.278" endtime="20221015 17:48:46.568"/>
</kw>
<kw name="Sleep" library="BuiltIn">
<arg>2.5s</arg>
<doc>Pauses the test executed for the given time.</doc>
<msg timestamp="20221015 17:48:49.079" level="INFO">Slept 2 seconds 500 milliseconds</msg>
<status status="PASS" starttime="20221015 17:48:46.568" endtime="20221015 17:48:49.080"/>
</kw>
<kw name="Capture Element Screenshot" library="SeleniumLibrary">
<arg>css:#main &gt; div &gt; div.sc-1tg0wl0-0.sc-1tg0wl0-3.hCkRYa &gt; div:nth-child(1) &gt; ol &gt; li:nth-child(1)</arg>
<doc>Captures a screenshot from the element identified by ``locator`` and embeds it into log file.</doc>
<msg timestamp="20221015 17:48:49.150" level="INFO" html="true">&lt;/td&gt;&lt;/tr&gt;&lt;tr&gt;&lt;td colspan="3"&gt;&lt;a href="selenium-element-screenshot-2.png"&gt;&lt;img src="selenium-element-screenshot-2.png" width="400px"&gt;&lt;/a&gt;</msg>
<status status="PASS" starttime="20221015 17:48:49.081" endtime="20221015 17:48:49.150"/>
</kw>
<kw name="Click Element" library="SeleniumLibrary">
<arg>css:#main &gt; div &gt; div.sc-1tg0wl0-0.sc-1tg0wl0-3.hCkRYa &gt; div:nth-child(1) &gt; ol &gt; li:nth-child(1)</arg>
<doc>Click the element identified by ``locator``.</doc>
<msg timestamp="20221015 17:48:49.151" level="INFO">Clicking element 'css:#main &gt; div &gt; div.sc-1tg0wl0-0.sc-1tg0wl0-3.hCkRYa &gt; div:nth-child(1) &gt; ol &gt; li:nth-child(1)'.</msg>
<status status="PASS" starttime="20221015 17:48:49.151" endtime="20221015 17:48:49.435"/>
</kw>
<kw name="Sleep" library="BuiltIn">
<arg>1s</arg>
<doc>Pauses the test executed for the given time.</doc>
<msg timestamp="20221015 17:48:50.437" level="INFO">Slept 1 second</msg>
<status status="PASS" starttime="20221015 17:48:49.436" endtime="20221015 17:48:50.437"/>
</kw>
<kw name="Run Keyword And Warn On Failure" library="BuiltIn">
<arg>Page Should Contain</arg>
<arg>ps5</arg>
<arg>there is no keyword "ps5"</arg>
<doc>Runs the specified keyword logs a warning if the keyword fails.</doc>
<kw name="Page Should Contain" library="SeleniumLibrary">
<arg>ps5</arg>
<arg>there is no keyword "ps5"</arg>
<doc>Verifies that current page contains ``text``.</doc>
<msg timestamp="20221015 17:48:50.448" level="INFO">Current page contains text 'ps5'.</msg>
<status status="PASS" starttime="20221015 17:48:50.438" endtime="20221015 17:48:50.448"/>
</kw>
<status status="PASS" starttime="20221015 17:48:50.438" endtime="20221015 17:48:50.448"/>
</kw>
<kw name="Sleep" library="BuiltIn">
<arg>1s</arg>
<doc>Pauses the test executed for the given time.</doc>
<msg timestamp="20221015 17:48:51.462" level="INFO">Slept 1 second</msg>
<status status="PASS" starttime="20221015 17:48:50.449" endtime="20221015 17:48:51.462"/>
</kw>
<kw name="Close All Browsers" library="SeleniumLibrary">
<doc>Closes all open browsers and resets the browser cache.</doc>
<status status="PASS" starttime="20221015 17:48:51.463" endtime="20221015 17:48:52.327"/>
</kw>
<doc>Test if we can find our search keyword in a product page / make screenshot of the product //Nazanin</doc>
<status status="PASS" starttime="20221015 17:48:36.457" endtime="20221015 17:48:52.328"/>
</test>
<status status="PASS" starttime="20221015 17:48:36.219" endtime="20221015 17:48:52.330"/>
</suite>
<statistics>
<total>
<stat pass="1" fail="0" skip="0">All Tests</stat>
</total>
<tag>
</tag>
<suite>
<stat pass="1" fail="0" skip="0" id="s1" name="Test">Test</stat>
</suite>
</statistics>
<errors>
</errors>
</robot>
